<?xml version="1.0" encoding="UTF-8"?>
<testsuite name="com.practice.book.springboot.web.IndexControllerTest" tests="1" skipped="0" failures="0" errors="0" timestamp="2020-01-17T09:20:45" hostname="DESKTOP-JU3PNMH" time="0.244">
  <properties/>
  <testcase name="메인페이지_로딩" classname="com.practice.book.springboot.web.IndexControllerTest" time="0.244"/>
  <system-out><![CDATA[18:20:40.368 [Test worker] DEBUG org.springframework.test.context.junit4.SpringJUnit4ClassRunner - SpringJUnit4ClassRunner constructor called with [class com.practice.book.springboot.web.IndexControllerTest]
18:20:40.376 [Test worker] DEBUG org.springframework.test.context.BootstrapUtils - Instantiating CacheAwareContextLoaderDelegate from class [org.springframework.test.context.cache.DefaultCacheAwareContextLoaderDelegate]
18:20:40.387 [Test worker] DEBUG org.springframework.test.context.BootstrapUtils - Instantiating BootstrapContext using constructor [public org.springframework.test.context.support.DefaultBootstrapContext(java.lang.Class,org.springframework.test.context.CacheAwareContextLoaderDelegate)]
18:20:40.407 [Test worker] DEBUG org.springframework.test.context.BootstrapUtils - Instantiating TestContextBootstrapper for test class [com.practice.book.springboot.web.IndexControllerTest] from class [org.springframework.boot.test.context.SpringBootTestContextBootstrapper]
18:20:40.421 [Test worker] INFO org.springframework.boot.test.context.SpringBootTestContextBootstrapper - Neither @ContextConfiguration nor @ContextHierarchy found for test class [com.practice.book.springboot.web.IndexControllerTest], using SpringBootContextLoader
18:20:40.425 [Test worker] DEBUG org.springframework.test.context.support.AbstractContextLoader - Did not detect default resource location for test class [com.practice.book.springboot.web.IndexControllerTest]: class path resource [com/practice/book/springboot/web/IndexControllerTest-context.xml] does not exist
18:20:40.425 [Test worker] DEBUG org.springframework.test.context.support.AbstractContextLoader - Did not detect default resource location for test class [com.practice.book.springboot.web.IndexControllerTest]: class path resource [com/practice/book/springboot/web/IndexControllerTestContext.groovy] does not exist
18:20:40.425 [Test worker] INFO org.springframework.test.context.support.AbstractContextLoader - Could not detect default resource locations for test class [com.practice.book.springboot.web.IndexControllerTest]: no resource found for suffixes {-context.xml, Context.groovy}.
18:20:40.426 [Test worker] INFO org.springframework.test.context.support.AnnotationConfigContextLoaderUtils - Could not detect default configuration classes for test class [com.practice.book.springboot.web.IndexControllerTest]: IndexControllerTest does not declare any static, non-private, non-final, nested classes annotated with @Configuration.
18:20:40.471 [Test worker] DEBUG org.springframework.test.context.support.ActiveProfilesUtils - Could not find an 'annotation declaring class' for annotation type [org.springframework.test.context.ActiveProfiles] and class [com.practice.book.springboot.web.IndexControllerTest]
18:20:40.556 [Test worker] DEBUG org.springframework.context.annotation.ClassPathScanningCandidateComponentProvider - Identified candidate component class: file [C:\Users\KYS\IdeaProjects\springboot2-webservice\build\classes\java\main\com\practice\book\springboot\Application.class]
18:20:40.558 [Test worker] INFO org.springframework.boot.test.context.SpringBootTestContextBootstrapper - Found @SpringBootConfiguration com.practice.book.springboot.Application for test class com.practice.book.springboot.web.IndexControllerTest
18:20:40.654 [Test worker] DEBUG org.springframework.boot.test.context.SpringBootTestContextBootstrapper - @TestExecutionListeners is not present for class [com.practice.book.springboot.web.IndexControllerTest]: using defaults.
18:20:40.655 [Test worker] INFO org.springframework.boot.test.context.SpringBootTestContextBootstrapper - Loaded default TestExecutionListener class names from location [META-INF/spring.factories]: [org.springframework.boot.test.autoconfigure.restdocs.RestDocsTestExecutionListener, org.springframework.boot.test.autoconfigure.web.client.MockRestServiceServerResetTestExecutionListener, org.springframework.boot.test.autoconfigure.web.servlet.MockMvcPrintOnlyOnFailureTestExecutionListener, org.springframework.boot.test.autoconfigure.web.servlet.WebDriverTestExecutionListener, org.springframework.boot.test.mock.mockito.MockitoTestExecutionListener, org.springframework.boot.test.mock.mockito.ResetMocksTestExecutionListener, org.springframework.test.context.web.ServletTestExecutionListener, org.springframework.test.context.support.DirtiesContextBeforeModesTestExecutionListener, org.springframework.test.context.support.DependencyInjectionTestExecutionListener, org.springframework.test.context.support.DirtiesContextTestExecutionListener, org.springframework.test.context.transaction.TransactionalTestExecutionListener, org.springframework.test.context.jdbc.SqlScriptsTestExecutionListener]
18:20:40.677 [Test worker] INFO org.springframework.boot.test.context.SpringBootTestContextBootstrapper - Using TestExecutionListeners: [org.springframework.test.context.web.ServletTestExecutionListener@3b00d716, org.springframework.test.context.support.DirtiesContextBeforeModesTestExecutionListener@1978eec7, org.springframework.boot.test.mock.mockito.MockitoTestExecutionListener@68f2ee46, org.springframework.boot.test.autoconfigure.SpringBootDependencyInjectionTestExecutionListener@57bdfed4, org.springframework.test.context.support.DirtiesContextTestExecutionListener@6ab83b52, org.springframework.test.context.transaction.TransactionalTestExecutionListener@3468ee14, org.springframework.test.context.jdbc.SqlScriptsTestExecutionListener@4b17a601, org.springframework.boot.test.autoconfigure.restdocs.RestDocsTestExecutionListener@7364bae9, org.springframework.boot.test.autoconfigure.web.client.MockRestServiceServerResetTestExecutionListener@58ad7d7c, org.springframework.boot.test.autoconfigure.web.servlet.MockMvcPrintOnlyOnFailureTestExecutionListener@2b463033, org.springframework.boot.test.autoconfigure.web.servlet.WebDriverTestExecutionListener@5d97bcf4, org.springframework.boot.test.mock.mockito.ResetMocksTestExecutionListener@b72e65d]
18:20:40.681 [Test worker] DEBUG org.springframework.test.annotation.ProfileValueUtils - Retrieved @ProfileValueSourceConfiguration [null] for test class [com.practice.book.springboot.web.IndexControllerTest]
18:20:40.682 [Test worker] DEBUG org.springframework.test.annotation.ProfileValueUtils - Retrieved ProfileValueSource type [class org.springframework.test.annotation.SystemProfileValueSource] for class [com.practice.book.springboot.web.IndexControllerTest]
18:20:40.684 [Test worker] DEBUG org.springframework.test.annotation.ProfileValueUtils - Retrieved @ProfileValueSourceConfiguration [null] for test class [com.practice.book.springboot.web.IndexControllerTest]
18:20:40.684 [Test worker] DEBUG org.springframework.test.annotation.ProfileValueUtils - Retrieved ProfileValueSource type [class org.springframework.test.annotation.SystemProfileValueSource] for class [com.practice.book.springboot.web.IndexControllerTest]
18:20:40.684 [Test worker] DEBUG org.springframework.test.annotation.ProfileValueUtils - Retrieved @ProfileValueSourceConfiguration [null] for test class [com.practice.book.springboot.web.IndexControllerTest]
18:20:40.685 [Test worker] DEBUG org.springframework.test.annotation.ProfileValueUtils - Retrieved ProfileValueSource type [class org.springframework.test.annotation.SystemProfileValueSource] for class [com.practice.book.springboot.web.IndexControllerTest]
18:20:40.689 [Test worker] DEBUG org.springframework.test.context.support.AbstractDirtiesContextTestExecutionListener - Before test class: context [DefaultTestContext@7c7e9657 testClass = IndexControllerTest, testInstance = [null], testMethod = [null], testException = [null], mergedContextConfiguration = [WebMergedContextConfiguration@5142e544 testClass = IndexControllerTest, locations = '{}', classes = '{class com.practice.book.springboot.Application}', contextInitializerClasses = '[]', activeProfiles = '{}', propertySourceLocations = '{}', propertySourceProperties = '{org.springframework.boot.test.context.SpringBootTestContextBootstrapper=true, server.port=0}', contextCustomizers = set[org.springframework.boot.test.autoconfigure.properties.PropertyMappingContextCustomizer@0, org.springframework.boot.test.autoconfigure.web.servlet.WebDriverContextCustomizerFactory$Customizer@38b6e2ce, org.springframework.boot.test.context.filter.ExcludeFilterContextCustomizer@ff04f1a, org.springframework.boot.test.json.DuplicateJsonObjectContextCustomizerFactory$DuplicateJsonObjectContextCustomizer@4904a50e, org.springframework.boot.test.mock.mockito.MockitoContextCustomizer@0, org.springframework.boot.test.web.client.TestRestTemplateContextCustomizer@3a837bef], resourceBasePath = 'src/main/webapp', contextLoader = 'org.springframework.boot.test.context.SpringBootContextLoader', parent = [null]], attributes = map['org.springframework.test.context.web.ServletTestExecutionListener.activateListener' -> false]], class annotated with @DirtiesContext [false] with mode [null].
18:20:40.690 [Test worker] DEBUG org.springframework.test.annotation.ProfileValueUtils - Retrieved @ProfileValueSourceConfiguration [null] for test class [com.practice.book.springboot.web.IndexControllerTest]
18:20:40.690 [Test worker] DEBUG org.springframework.test.annotation.ProfileValueUtils - Retrieved ProfileValueSource type [class org.springframework.test.annotation.SystemProfileValueSource] for class [com.practice.book.springboot.web.IndexControllerTest]
18:20:40.696 [Test worker] DEBUG org.springframework.test.context.support.DependencyInjectionTestExecutionListener - Performing dependency injection for test context [[DefaultTestContext@7c7e9657 testClass = IndexControllerTest, testInstance = com.practice.book.springboot.web.IndexControllerTest@443e224f, testMethod = [null], testException = [null], mergedContextConfiguration = [WebMergedContextConfiguration@5142e544 testClass = IndexControllerTest, locations = '{}', classes = '{class com.practice.book.springboot.Application}', contextInitializerClasses = '[]', activeProfiles = '{}', propertySourceLocations = '{}', propertySourceProperties = '{org.springframework.boot.test.context.SpringBootTestContextBootstrapper=true, server.port=0}', contextCustomizers = set[org.springframework.boot.test.autoconfigure.properties.PropertyMappingContextCustomizer@0, org.springframework.boot.test.autoconfigure.web.servlet.WebDriverContextCustomizerFactory$Customizer@38b6e2ce, org.springframework.boot.test.context.filter.ExcludeFilterContextCustomizer@ff04f1a, org.springframework.boot.test.json.DuplicateJsonObjectContextCustomizerFactory$DuplicateJsonObjectContextCustomizer@4904a50e, org.springframework.boot.test.mock.mockito.MockitoContextCustomizer@0, org.springframework.boot.test.web.client.TestRestTemplateContextCustomizer@3a837bef], resourceBasePath = 'src/main/webapp', contextLoader = 'org.springframework.boot.test.context.SpringBootContextLoader', parent = [null]], attributes = map['org.springframework.test.context.web.ServletTestExecutionListener.activateListener' -> false]]].
18:20:40.730 [Test worker] DEBUG org.springframework.test.context.support.TestPropertySourceUtils - Adding inlined properties to environment: {spring.jmx.enabled=false, org.springframework.boot.test.context.SpringBootTestContextBootstrapper=true, server.port=0}

  .   ____          _            __ _ _
 /\\ / ___'_ __ _ _(_)_ __  __ _ \ \ \ \
( ( )\___ | '_ | '_| | '_ \/ _` | \ \ \ \
 \\/  ___)| |_)| | | | | || (_| |  ) ) ) )
  '  |____| .__|_| |_|_| |_\__, | / / / /
 =========|_|==============|___/=/_/_/_/
 :: Spring Boot ::        (v2.1.7.RELEASE)

2020-01-17 18:20:40.991  INFO 21340 --- [    Test worker] c.p.b.s.web.IndexControllerTest          : Starting IndexControllerTest on DESKTOP-JU3PNMH with PID 21340 (started by KYS in C:\Users\KYS\IdeaProjects\springboot2-webservice)
2020-01-17 18:20:40.992  INFO 21340 --- [    Test worker] c.p.b.s.web.IndexControllerTest          : The following profiles are active: real-oauth
2020-01-17 18:20:41.528  INFO 21340 --- [    Test worker] .s.d.r.c.RepositoryConfigurationDelegate : Bootstrapping Spring Data repositories in DEFAULT mode.
2020-01-17 18:20:41.594  INFO 21340 --- [    Test worker] .s.d.r.c.RepositoryConfigurationDelegate : Finished Spring Data repository scanning in 59ms. Found 1 repository interfaces.
2020-01-17 18:20:41.924  INFO 21340 --- [    Test worker] trationDelegate$BeanPostProcessorChecker : Bean 'org.springframework.transaction.annotation.ProxyTransactionManagementConfiguration' of type [org.springframework.transaction.annotation.ProxyTransactionManagementConfiguration$$EnhancerBySpringCGLIB$$6e2c16d9] is not eligible for getting processed by all BeanPostProcessors (for example: not eligible for auto-proxying)
2020-01-17 18:20:42.282  INFO 21340 --- [    Test worker] o.s.b.w.embedded.tomcat.TomcatWebServer  : Tomcat initialized with port(s): 0 (http)
2020-01-17 18:20:42.305  INFO 21340 --- [    Test worker] o.apache.catalina.core.StandardService   : Starting service [Tomcat]
2020-01-17 18:20:42.306  INFO 21340 --- [    Test worker] org.apache.catalina.core.StandardEngine  : Starting Servlet engine: [Apache Tomcat/9.0.22]
2020-01-17 18:20:42.422  INFO 21340 --- [    Test worker] o.a.c.c.C.[Tomcat].[localhost].[/]       : Initializing Spring embedded WebApplicationContext
2020-01-17 18:20:42.422  INFO 21340 --- [    Test worker] o.s.web.context.ContextLoader            : Root WebApplicationContext: initialization completed in 1413 ms
2020-01-17 18:20:42.669  INFO 21340 --- [    Test worker] com.zaxxer.hikari.HikariDataSource       : HikariPool-1 - Starting...
2020-01-17 18:20:42.821  INFO 21340 --- [    Test worker] com.zaxxer.hikari.HikariDataSource       : HikariPool-1 - Start completed.
2020-01-17 18:20:42.901  INFO 21340 --- [    Test worker] o.hibernate.jpa.internal.util.LogHelper  : HHH000204: Processing PersistenceUnitInfo [
	name: default
	...]
2020-01-17 18:20:42.984  INFO 21340 --- [    Test worker] org.hibernate.Version                    : HHH000412: Hibernate Core {5.3.10.Final}
2020-01-17 18:20:42.986  INFO 21340 --- [    Test worker] org.hibernate.cfg.Environment            : HHH000206: hibernate.properties not found
2020-01-17 18:20:43.156  INFO 21340 --- [    Test worker] o.hibernate.annotations.common.Version   : HCANN000001: Hibernate Commons Annotations {5.0.4.Final}
2020-01-17 18:20:43.325  INFO 21340 --- [    Test worker] org.hibernate.dialect.Dialect            : HHH000400: Using dialect: org.hibernate.dialect.MySQL5InnoDBDialect
Hibernate: drop table if exists posts
Hibernate: create table posts (id bigint not null auto_increment, created_date datetime, modified_date datetime, author varchar(255), content TEXT not null, title varchar(500) not null, primary key (id)) engine=InnoDB
2020-01-17 18:20:43.963  INFO 21340 --- [    Test worker] o.h.t.schema.internal.SchemaCreatorImpl  : HHH000476: Executing import script 'org.hibernate.tool.schema.internal.exec.ScriptSourceInputNonExistentImpl@8cb118b'
2020-01-17 18:20:43.966  INFO 21340 --- [    Test worker] j.LocalContainerEntityManagerFactoryBean : Initialized JPA EntityManagerFactory for persistence unit 'default'
2020-01-17 18:20:44.743  INFO 21340 --- [    Test worker] o.s.s.concurrent.ThreadPoolTaskExecutor  : Initializing ExecutorService 'applicationTaskExecutor'
2020-01-17 18:20:44.793  WARN 21340 --- [    Test worker] aWebConfiguration$JpaWebMvcConfiguration : spring.jpa.open-in-view is enabled by default. Therefore, database queries may be performed during view rendering. Explicitly configure spring.jpa.open-in-view to disable this warning
2020-01-17 18:20:44.834  INFO 21340 --- [    Test worker] o.s.b.a.w.s.WelcomePageHandlerMapping    : Adding welcome page template: index
2020-01-17 18:20:45.129  INFO 21340 --- [    Test worker] o.s.b.w.embedded.tomcat.TomcatWebServer  : Tomcat started on port(s): 53502 (http) with context path ''
2020-01-17 18:20:45.130  INFO 21340 --- [    Test worker] c.p.b.s.web.IndexControllerTest          : Started IndexControllerTest in 4.398 seconds (JVM running for 5.427)
2020-01-17 18:20:45.265  INFO 21340 --- [o-auto-1-exec-1] o.a.c.c.C.[Tomcat].[localhost].[/]       : Initializing Spring DispatcherServlet 'dispatcherServlet'
2020-01-17 18:20:45.265  INFO 21340 --- [o-auto-1-exec-1] o.s.web.servlet.DispatcherServlet        : Initializing Servlet 'dispatcherServlet'
2020-01-17 18:20:45.286  INFO 21340 --- [o-auto-1-exec-1] o.s.web.servlet.DispatcherServlet        : Completed initialization in 21 ms
]]></system-out>
  <system-err><![CDATA[]]></system-err>
</testsuite>
