<?xml version="1.0" encoding="UTF-8"?>
<testsuite name="com.practice.book.springboot.web.HelloControllerTest" tests="2" skipped="0" failures="0" errors="0" timestamp="2020-02-06T03:00:57" hostname="DESKTOP-JU3PNMH" time="0.126">
  <properties/>
  <testcase name="hello가_리턴된다" classname="com.practice.book.springboot.web.HelloControllerTest" time="0.041"/>
  <testcase name="helloDto가_리턴된다" classname="com.practice.book.springboot.web.HelloControllerTest" time="0.085"/>
  <system-out><![CDATA[2020-02-06 12:00:56.573  INFO 7352 --- [    Test worker] .b.t.a.w.s.WebMvcTestContextBootstrapper : Neither @ContextConfiguration nor @ContextHierarchy found for test class [com.practice.book.springboot.web.HelloControllerTest], using SpringBootContextLoader
2020-02-06 12:00:56.575  INFO 7352 --- [    Test worker] o.s.t.c.support.AbstractContextLoader    : Could not detect default resource locations for test class [com.practice.book.springboot.web.HelloControllerTest]: no resource found for suffixes {-context.xml, Context.groovy}.
2020-02-06 12:00:56.575  INFO 7352 --- [    Test worker] t.c.s.AnnotationConfigContextLoaderUtils : Could not detect default configuration classes for test class [com.practice.book.springboot.web.HelloControllerTest]: HelloControllerTest does not declare any static, non-private, non-final, nested classes annotated with @Configuration.
2020-02-06 12:00:56.600  INFO 7352 --- [    Test worker] .b.t.c.SpringBootTestContextBootstrapper : Found @SpringBootConfiguration com.practice.book.springboot.Application for test class com.practice.book.springboot.web.HelloControllerTest
2020-02-06 12:00:56.601  INFO 7352 --- [    Test worker] .b.t.a.w.s.WebMvcTestContextBootstrapper : Loaded default TestExecutionListener class names from location [META-INF/spring.factories]: [org.springframework.security.test.context.support.WithSecurityContextTestExecutionListener, org.springframework.security.test.context.support.ReactorContextTestExecutionListener, org.springframework.boot.test.autoconfigure.restdocs.RestDocsTestExecutionListener, org.springframework.boot.test.autoconfigure.web.client.MockRestServiceServerResetTestExecutionListener, org.springframework.boot.test.autoconfigure.web.servlet.MockMvcPrintOnlyOnFailureTestExecutionListener, org.springframework.boot.test.autoconfigure.web.servlet.WebDriverTestExecutionListener, org.springframework.boot.test.mock.mockito.MockitoTestExecutionListener, org.springframework.boot.test.mock.mockito.ResetMocksTestExecutionListener, org.springframework.test.context.web.ServletTestExecutionListener, org.springframework.test.context.support.DirtiesContextBeforeModesTestExecutionListener, org.springframework.test.context.support.DependencyInjectionTestExecutionListener, org.springframework.test.context.support.DirtiesContextTestExecutionListener, org.springframework.test.context.transaction.TransactionalTestExecutionListener, org.springframework.test.context.jdbc.SqlScriptsTestExecutionListener]
2020-02-06 12:00:56.603  INFO 7352 --- [    Test worker] .b.t.a.w.s.WebMvcTestContextBootstrapper : Using TestExecutionListeners: [org.springframework.test.context.web.ServletTestExecutionListener@d184f57, org.springframework.test.context.support.DirtiesContextBeforeModesTestExecutionListener@47f5de47, org.springframework.boot.test.mock.mockito.MockitoTestExecutionListener@133dedfc, org.springframework.boot.test.autoconfigure.SpringBootDependencyInjectionTestExecutionListener@7942e837, org.springframework.test.context.support.DirtiesContextTestExecutionListener@36ef62bf, org.springframework.test.context.transaction.TransactionalTestExecutionListener@5f0185c3, org.springframework.test.context.jdbc.SqlScriptsTestExecutionListener@23afc1d2, org.springframework.security.test.context.support.WithSecurityContextTestExecutionListener@4d4296c0, org.springframework.security.test.context.support.ReactorContextTestExecutionListener@f5ef4d, org.springframework.boot.test.autoconfigure.restdocs.RestDocsTestExecutionListener@53094d0d, org.springframework.boot.test.autoconfigure.web.client.MockRestServiceServerResetTestExecutionListener@ef5b7ef, org.springframework.boot.test.autoconfigure.web.servlet.MockMvcPrintOnlyOnFailureTestExecutionListener@57d8d467, org.springframework.boot.test.autoconfigure.web.servlet.WebDriverTestExecutionListener@7878c656, org.springframework.boot.test.mock.mockito.ResetMocksTestExecutionListener@61009d71]

  .   ____          _            __ _ _
 /\\ / ___'_ __ _ _(_)_ __  __ _ \ \ \ \
( ( )\___ | '_ | '_| | '_ \/ _` | \ \ \ \
 \\/  ___)| |_)| | | | | || (_| |  ) ) ) )
  '  |____| .__|_| |_|_| |_\__, | / / / /
 =========|_|==============|___/=/_/_/_/
 :: Spring Boot ::        (v2.1.7.RELEASE)

2020-02-06 12:00:56.661  INFO 7352 --- [    Test worker] c.p.b.s.web.HelloControllerTest          : Starting HelloControllerTest on DESKTOP-JU3PNMH with PID 7352 (started by KYS in C:\Users\KYS\IdeaProjects\springboot2-webservice)
2020-02-06 12:00:56.662  INFO 7352 --- [    Test worker] c.p.b.s.web.HelloControllerTest          : No active profile set, falling back to default profiles: default
2020-02-06 12:00:57.188  INFO 7352 --- [    Test worker] o.s.s.concurrent.ThreadPoolTaskExecutor  : Initializing ExecutorService 'applicationTaskExecutor'
2020-02-06 12:00:57.223  INFO 7352 --- [    Test worker] o.s.b.a.w.s.WelcomePageHandlerMapping    : Adding welcome page template: index
2020-02-06 12:00:57.471  INFO 7352 --- [    Test worker] .s.s.UserDetailsServiceAutoConfiguration : 

Using generated security password: 37815983-75cd-4056-8c44-1ea63c6291d8

2020-02-06 12:00:57.645  INFO 7352 --- [    Test worker] o.s.s.web.DefaultSecurityFilterChain     : Creating filter chain: any request, [org.springframework.security.web.context.request.async.WebAsyncManagerIntegrationFilter@13869f28, org.springframework.security.web.context.SecurityContextPersistenceFilter@158e3497, org.springframework.security.web.header.HeaderWriterFilter@7349edea, org.springframework.security.web.csrf.CsrfFilter@3186c737, org.springframework.security.web.authentication.logout.LogoutFilter@f31d034, org.springframework.security.web.authentication.UsernamePasswordAuthenticationFilter@70707ccf, org.springframework.security.web.authentication.ui.DefaultLoginPageGeneratingFilter@3955276, org.springframework.security.web.authentication.ui.DefaultLogoutPageGeneratingFilter@5b6d118, org.springframework.security.web.authentication.www.BasicAuthenticationFilter@7c96b98f, org.springframework.security.web.savedrequest.RequestCacheAwareFilter@421d5a12, org.springframework.security.web.servletapi.SecurityContextHolderAwareRequestFilter@7e87c906, org.springframework.security.web.authentication.AnonymousAuthenticationFilter@4ca54ae0, org.springframework.security.web.session.SessionManagementFilter@747133cb, org.springframework.security.web.access.ExceptionTranslationFilter@7584580c, org.springframework.security.web.access.intercept.FilterSecurityInterceptor@2713c97e]
2020-02-06 12:00:57.666  INFO 7352 --- [    Test worker] o.s.b.t.m.w.SpringBootMockServletContext : Initializing Spring TestDispatcherServlet ''
2020-02-06 12:00:57.667  INFO 7352 --- [    Test worker] o.s.t.web.servlet.TestDispatcherServlet  : Initializing Servlet ''
2020-02-06 12:00:57.680  INFO 7352 --- [    Test worker] o.s.t.web.servlet.TestDispatcherServlet  : Completed initialization in 13 ms
2020-02-06 12:00:57.713  INFO 7352 --- [    Test worker] c.p.b.s.web.HelloControllerTest          : Started HelloControllerTest in 1.107 seconds (JVM running for 13.927)
]]></system-out>
  <system-err><![CDATA[]]></system-err>
</testsuite>
