<?xml version="1.0" encoding="UTF-8"?>
<testsuite name="com.practice.book.springboot.web.HelloControllerTest" tests="2" skipped="0" failures="0" errors="0" timestamp="2020-01-30T02:48:14" hostname="DESKTOP-JU3PNMH" time="0.144">
  <properties/>
  <testcase name="hello가_리턴된다" classname="com.practice.book.springboot.web.HelloControllerTest" time="0.064"/>
  <testcase name="helloDto가_리턴된다" classname="com.practice.book.springboot.web.HelloControllerTest" time="0.08"/>
  <system-out><![CDATA[2020-01-30 11:48:13.789  INFO 17872 --- [    Test worker] .b.t.a.w.s.WebMvcTestContextBootstrapper : Neither @ContextConfiguration nor @ContextHierarchy found for test class [com.practice.book.springboot.web.HelloControllerTest], using SpringBootContextLoader
2020-01-30 11:48:13.790  INFO 17872 --- [    Test worker] o.s.t.c.support.AbstractContextLoader    : Could not detect default resource locations for test class [com.practice.book.springboot.web.HelloControllerTest]: no resource found for suffixes {-context.xml, Context.groovy}.
2020-01-30 11:48:13.790  INFO 17872 --- [    Test worker] t.c.s.AnnotationConfigContextLoaderUtils : Could not detect default configuration classes for test class [com.practice.book.springboot.web.HelloControllerTest]: HelloControllerTest does not declare any static, non-private, non-final, nested classes annotated with @Configuration.
2020-01-30 11:48:13.810  INFO 17872 --- [    Test worker] .b.t.c.SpringBootTestContextBootstrapper : Found @SpringBootConfiguration com.practice.book.springboot.Application for test class com.practice.book.springboot.web.HelloControllerTest
2020-01-30 11:48:13.810  INFO 17872 --- [    Test worker] .b.t.a.w.s.WebMvcTestContextBootstrapper : Loaded default TestExecutionListener class names from location [META-INF/spring.factories]: [org.springframework.security.test.context.support.WithSecurityContextTestExecutionListener, org.springframework.security.test.context.support.ReactorContextTestExecutionListener, org.springframework.boot.test.autoconfigure.restdocs.RestDocsTestExecutionListener, org.springframework.boot.test.autoconfigure.web.client.MockRestServiceServerResetTestExecutionListener, org.springframework.boot.test.autoconfigure.web.servlet.MockMvcPrintOnlyOnFailureTestExecutionListener, org.springframework.boot.test.autoconfigure.web.servlet.WebDriverTestExecutionListener, org.springframework.boot.test.mock.mockito.MockitoTestExecutionListener, org.springframework.boot.test.mock.mockito.ResetMocksTestExecutionListener, org.springframework.test.context.web.ServletTestExecutionListener, org.springframework.test.context.support.DirtiesContextBeforeModesTestExecutionListener, org.springframework.test.context.support.DependencyInjectionTestExecutionListener, org.springframework.test.context.support.DirtiesContextTestExecutionListener, org.springframework.test.context.transaction.TransactionalTestExecutionListener, org.springframework.test.context.jdbc.SqlScriptsTestExecutionListener]
2020-01-30 11:48:13.811  INFO 17872 --- [    Test worker] .b.t.a.w.s.WebMvcTestContextBootstrapper : Using TestExecutionListeners: [org.springframework.test.context.web.ServletTestExecutionListener@6ecea081, org.springframework.test.context.support.DirtiesContextBeforeModesTestExecutionListener@56caf6ab, org.springframework.boot.test.mock.mockito.MockitoTestExecutionListener@de9e694, org.springframework.boot.test.autoconfigure.SpringBootDependencyInjectionTestExecutionListener@4222ea87, org.springframework.test.context.support.DirtiesContextTestExecutionListener@59f390ea, org.springframework.test.context.transaction.TransactionalTestExecutionListener@588d5ad1, org.springframework.test.context.jdbc.SqlScriptsTestExecutionListener@1a92da12, org.springframework.security.test.context.support.WithSecurityContextTestExecutionListener@4f317d15, org.springframework.security.test.context.support.ReactorContextTestExecutionListener@a00d0d9, org.springframework.boot.test.autoconfigure.restdocs.RestDocsTestExecutionListener@38e9489a, org.springframework.boot.test.autoconfigure.web.client.MockRestServiceServerResetTestExecutionListener@342747df, org.springframework.boot.test.autoconfigure.web.servlet.MockMvcPrintOnlyOnFailureTestExecutionListener@70ba5d9b, org.springframework.boot.test.autoconfigure.web.servlet.WebDriverTestExecutionListener@7cb0dd4d, org.springframework.boot.test.mock.mockito.ResetMocksTestExecutionListener@e6fe7d9]

  .   ____          _            __ _ _
 /\\ / ___'_ __ _ _(_)_ __  __ _ \ \ \ \
( ( )\___ | '_ | '_| | '_ \/ _` | \ \ \ \
 \\/  ___)| |_)| | | | | || (_| |  ) ) ) )
  '  |____| .__|_| |_|_| |_\__, | / / / /
 =========|_|==============|___/=/_/_/_/
 :: Spring Boot ::        (v2.1.7.RELEASE)

2020-01-30 11:48:13.845  INFO 17872 --- [    Test worker] c.p.b.s.web.HelloControllerTest          : Starting HelloControllerTest on DESKTOP-JU3PNMH with PID 17872 (started by KYS in C:\Users\KYS\IdeaProjects\springboot2-webservice)
2020-01-30 11:48:13.845  INFO 17872 --- [    Test worker] c.p.b.s.web.HelloControllerTest          : No active profile set, falling back to default profiles: default
2020-01-30 11:48:14.270  INFO 17872 --- [    Test worker] o.s.s.concurrent.ThreadPoolTaskExecutor  : Initializing ExecutorService 'applicationTaskExecutor'
2020-01-30 11:48:14.301  INFO 17872 --- [    Test worker] o.s.b.a.w.s.WelcomePageHandlerMapping    : Adding welcome page template: index
2020-01-30 11:48:14.512  INFO 17872 --- [    Test worker] .s.s.UserDetailsServiceAutoConfiguration : 

Using generated security password: 31aef5aa-5a9e-4038-9307-3207f18b6108

2020-01-30 11:48:14.665  INFO 17872 --- [    Test worker] o.s.s.web.DefaultSecurityFilterChain     : Creating filter chain: any request, [org.springframework.security.web.context.request.async.WebAsyncManagerIntegrationFilter@3f89e2ee, org.springframework.security.web.context.SecurityContextPersistenceFilter@7ce4cce0, org.springframework.security.web.header.HeaderWriterFilter@6f06f603, org.springframework.security.web.csrf.CsrfFilter@2f47d6fb, org.springframework.security.web.authentication.logout.LogoutFilter@63ac605c, org.springframework.security.web.authentication.UsernamePasswordAuthenticationFilter@7a631d2e, org.springframework.security.web.authentication.ui.DefaultLoginPageGeneratingFilter@137b2d42, org.springframework.security.web.authentication.ui.DefaultLogoutPageGeneratingFilter@465c7f4a, org.springframework.security.web.authentication.www.BasicAuthenticationFilter@6237d93b, org.springframework.security.web.savedrequest.RequestCacheAwareFilter@d1c8411, org.springframework.security.web.servletapi.SecurityContextHolderAwareRequestFilter@55f2dd5f, org.springframework.security.web.authentication.AnonymousAuthenticationFilter@1afe88bb, org.springframework.security.web.session.SessionManagementFilter@7e670516, org.springframework.security.web.access.ExceptionTranslationFilter@173cd6a3, org.springframework.security.web.access.intercept.FilterSecurityInterceptor@690585b8]
2020-01-30 11:48:14.700  INFO 17872 --- [    Test worker] o.s.b.t.m.w.SpringBootMockServletContext : Initializing Spring TestDispatcherServlet ''
2020-01-30 11:48:14.700  INFO 17872 --- [    Test worker] o.s.t.web.servlet.TestDispatcherServlet  : Initializing Servlet ''
2020-01-30 11:48:14.714  INFO 17872 --- [    Test worker] o.s.t.web.servlet.TestDispatcherServlet  : Completed initialization in 14 ms
2020-01-30 11:48:14.743  INFO 17872 --- [    Test worker] c.p.b.s.web.HelloControllerTest          : Started HelloControllerTest in 0.93 seconds (JVM running for 7.951)
]]></system-out>
  <system-err><![CDATA[]]></system-err>
</testsuite>
