<?xml version="1.0" encoding="UTF-8"?>
<testsuite name="com.practice.book.springboot.web.HelloResponseDtoTest" tests="1" skipped="0" failures="0" errors="0" timestamp="2020-01-20T05:37:34" hostname="DESKTOP-JU3PNMH" time="0.055">
  <properties/>
  <testcase name="롬복_기능_테스트" classname="com.practice.book.springboot.web.HelloResponseDtoTest" time="0.055"/>
  <system-out><![CDATA[]]></system-out>
  <system-err><![CDATA[]]></system-err>
</testsuite>
