<?xml version="1.0" encoding="UTF-8"?>
<testsuite name="com.practice.book.springboot.web.HelloControllerTest" tests="2" skipped="0" failures="0" errors="0" timestamp="2020-01-28T02:26:34" hostname="DESKTOP-JU3PNMH" time="0.045">
  <properties/>
  <testcase name="hello가_리턴된다" classname="com.practice.book.springboot.web.HelloControllerTest" time="0.014"/>
  <testcase name="helloDto가_리턴된다" classname="com.practice.book.springboot.web.HelloControllerTest" time="0.03"/>
  <system-out><![CDATA[2020-01-28 11:26:33.357  INFO 1424 --- [    Test worker] .b.t.a.w.s.WebMvcTestContextBootstrapper : Neither @ContextConfiguration nor @ContextHierarchy found for test class [com.practice.book.springboot.web.HelloControllerTest], using SpringBootContextLoader
2020-01-28 11:26:33.358  INFO 1424 --- [    Test worker] o.s.t.c.support.AbstractContextLoader    : Could not detect default resource locations for test class [com.practice.book.springboot.web.HelloControllerTest]: no resource found for suffixes {-context.xml, Context.groovy}.
2020-01-28 11:26:33.358  INFO 1424 --- [    Test worker] t.c.s.AnnotationConfigContextLoaderUtils : Could not detect default configuration classes for test class [com.practice.book.springboot.web.HelloControllerTest]: HelloControllerTest does not declare any static, non-private, non-final, nested classes annotated with @Configuration.
2020-01-28 11:26:33.371  INFO 1424 --- [    Test worker] .b.t.c.SpringBootTestContextBootstrapper : Found @SpringBootConfiguration com.practice.book.springboot.Application for test class com.practice.book.springboot.web.HelloControllerTest
2020-01-28 11:26:33.372  INFO 1424 --- [    Test worker] .b.t.a.w.s.WebMvcTestContextBootstrapper : Loaded default TestExecutionListener class names from location [META-INF/spring.factories]: [org.springframework.security.test.context.support.WithSecurityContextTestExecutionListener, org.springframework.security.test.context.support.ReactorContextTestExecutionListener, org.springframework.boot.test.autoconfigure.restdocs.RestDocsTestExecutionListener, org.springframework.boot.test.autoconfigure.web.client.MockRestServiceServerResetTestExecutionListener, org.springframework.boot.test.autoconfigure.web.servlet.MockMvcPrintOnlyOnFailureTestExecutionListener, org.springframework.boot.test.autoconfigure.web.servlet.WebDriverTestExecutionListener, org.springframework.boot.test.mock.mockito.MockitoTestExecutionListener, org.springframework.boot.test.mock.mockito.ResetMocksTestExecutionListener, org.springframework.test.context.web.ServletTestExecutionListener, org.springframework.test.context.support.DirtiesContextBeforeModesTestExecutionListener, org.springframework.test.context.support.DependencyInjectionTestExecutionListener, org.springframework.test.context.support.DirtiesContextTestExecutionListener, org.springframework.test.context.transaction.TransactionalTestExecutionListener, org.springframework.test.context.jdbc.SqlScriptsTestExecutionListener]
2020-01-28 11:26:33.373  INFO 1424 --- [    Test worker] .b.t.a.w.s.WebMvcTestContextBootstrapper : Using TestExecutionListeners: [org.springframework.test.context.web.ServletTestExecutionListener@674db162, org.springframework.test.context.support.DirtiesContextBeforeModesTestExecutionListener@6b2a19f, org.springframework.boot.test.mock.mockito.MockitoTestExecutionListener@1a83aea, org.springframework.boot.test.autoconfigure.SpringBootDependencyInjectionTestExecutionListener@214bf515, org.springframework.test.context.support.DirtiesContextTestExecutionListener@2b8796ff, org.springframework.test.context.transaction.TransactionalTestExecutionListener@38aa7449, org.springframework.test.context.jdbc.SqlScriptsTestExecutionListener@789576dc, org.springframework.security.test.context.support.WithSecurityContextTestExecutionListener@608d786, org.springframework.security.test.context.support.ReactorContextTestExecutionListener@112f99d6, org.springframework.boot.test.autoconfigure.restdocs.RestDocsTestExecutionListener@7accbf86, org.springframework.boot.test.autoconfigure.web.client.MockRestServiceServerResetTestExecutionListener@29bc0595, org.springframework.boot.test.autoconfigure.web.servlet.MockMvcPrintOnlyOnFailureTestExecutionListener@69c853c3, org.springframework.boot.test.autoconfigure.web.servlet.WebDriverTestExecutionListener@4c48605, org.springframework.boot.test.mock.mockito.ResetMocksTestExecutionListener@1beb3994]

  .   ____          _            __ _ _
 /\\ / ___'_ __ _ _(_)_ __  __ _ \ \ \ \
( ( )\___ | '_ | '_| | '_ \/ _` | \ \ \ \
 \\/  ___)| |_)| | | | | || (_| |  ) ) ) )
  '  |____| .__|_| |_|_| |_\__, | / / / /
 =========|_|==============|___/=/_/_/_/
 :: Spring Boot ::        (v2.1.7.RELEASE)

2020-01-28 11:26:33.403  INFO 1424 --- [    Test worker] c.p.b.s.web.HelloControllerTest          : Starting HelloControllerTest on DESKTOP-JU3PNMH with PID 1424 (started by KYS in C:\Users\KYS\IdeaProjects\springboot2-webservice)
2020-01-28 11:26:33.404  INFO 1424 --- [    Test worker] c.p.b.s.web.HelloControllerTest          : No active profile set, falling back to default profiles: default
2020-01-28 11:26:33.816  INFO 1424 --- [    Test worker] o.s.s.concurrent.ThreadPoolTaskExecutor  : Initializing ExecutorService 'applicationTaskExecutor'
2020-01-28 11:26:33.862  INFO 1424 --- [    Test worker] o.s.b.a.w.s.WelcomePageHandlerMapping    : Adding welcome page template: index
2020-01-28 11:26:34.056  INFO 1424 --- [    Test worker] .s.s.UserDetailsServiceAutoConfiguration : 

Using generated security password: cec3b8d8-461c-4e8b-9894-1854b32aa7df

2020-01-28 11:26:34.194  INFO 1424 --- [    Test worker] o.s.s.web.DefaultSecurityFilterChain     : Creating filter chain: any request, [org.springframework.security.web.context.request.async.WebAsyncManagerIntegrationFilter@4fce0278, org.springframework.security.web.context.SecurityContextPersistenceFilter@74fa14da, org.springframework.security.web.header.HeaderWriterFilter@12bff188, org.springframework.security.web.csrf.CsrfFilter@5308dbb6, org.springframework.security.web.authentication.logout.LogoutFilter@46751024, org.springframework.security.web.authentication.UsernamePasswordAuthenticationFilter@698c3914, org.springframework.security.web.authentication.ui.DefaultLoginPageGeneratingFilter@7bb0ed83, org.springframework.security.web.authentication.ui.DefaultLogoutPageGeneratingFilter@12c940c9, org.springframework.security.web.authentication.www.BasicAuthenticationFilter@c7fd62d, org.springframework.security.web.savedrequest.RequestCacheAwareFilter@6b84385e, org.springframework.security.web.servletapi.SecurityContextHolderAwareRequestFilter@65ab717, org.springframework.security.web.authentication.AnonymousAuthenticationFilter@60f52203, org.springframework.security.web.session.SessionManagementFilter@77f4d02, org.springframework.security.web.access.ExceptionTranslationFilter@637f93c8, org.springframework.security.web.access.intercept.FilterSecurityInterceptor@7a463e11]
2020-01-28 11:26:34.209  INFO 1424 --- [    Test worker] o.s.b.t.m.w.SpringBootMockServletContext : Initializing Spring TestDispatcherServlet ''
2020-01-28 11:26:34.209  INFO 1424 --- [    Test worker] o.s.t.web.servlet.TestDispatcherServlet  : Initializing Servlet ''
2020-01-28 11:26:34.217  INFO 1424 --- [    Test worker] o.s.t.web.servlet.TestDispatcherServlet  : Completed initialization in 8 ms
2020-01-28 11:26:34.244  INFO 1424 --- [    Test worker] c.p.b.s.web.HelloControllerTest          : Started HelloControllerTest in 0.87 seconds (JVM running for 10.393)
]]></system-out>
  <system-err><![CDATA[]]></system-err>
</testsuite>
