<?xml version="1.0" encoding="UTF-8"?>
<testsuite name="com.practice.book.springboot.domain.posts.PostsRepositoryTest" tests="2" skipped="0" failures="0" errors="0" timestamp="2020-01-28T02:26:33" hostname="DESKTOP-JU3PNMH" time="0.032">
  <properties/>
  <testcase name="게시글저장_불러오기" classname="com.practice.book.springboot.domain.posts.PostsRepositoryTest" time="0.024"/>
  <testcase name="BaseTimeEntity_등록" classname="com.practice.book.springboot.domain.posts.PostsRepositoryTest" time="0.008"/>
  <system-out><![CDATA[2020-01-28 11:26:31.692  INFO 1424 --- [    Test worker] .b.t.c.SpringBootTestContextBootstrapper : Neither @ContextConfiguration nor @ContextHierarchy found for test class [com.practice.book.springboot.domain.posts.PostsRepositoryTest], using SpringBootContextLoader
2020-01-28 11:26:31.693  INFO 1424 --- [    Test worker] o.s.t.c.support.AbstractContextLoader    : Could not detect default resource locations for test class [com.practice.book.springboot.domain.posts.PostsRepositoryTest]: no resource found for suffixes {-context.xml, Context.groovy}.
2020-01-28 11:26:31.693  INFO 1424 --- [    Test worker] t.c.s.AnnotationConfigContextLoaderUtils : Could not detect default configuration classes for test class [com.practice.book.springboot.domain.posts.PostsRepositoryTest]: PostsRepositoryTest does not declare any static, non-private, non-final, nested classes annotated with @Configuration.
2020-01-28 11:26:31.702  INFO 1424 --- [    Test worker] .b.t.c.SpringBootTestContextBootstrapper : Found @SpringBootConfiguration com.practice.book.springboot.Application for test class com.practice.book.springboot.domain.posts.PostsRepositoryTest
2020-01-28 11:26:31.704  INFO 1424 --- [    Test worker] .b.t.c.SpringBootTestContextBootstrapper : Loaded default TestExecutionListener class names from location [META-INF/spring.factories]: [org.springframework.security.test.context.support.WithSecurityContextTestExecutionListener, org.springframework.security.test.context.support.ReactorContextTestExecutionListener, org.springframework.boot.test.autoconfigure.restdocs.RestDocsTestExecutionListener, org.springframework.boot.test.autoconfigure.web.client.MockRestServiceServerResetTestExecutionListener, org.springframework.boot.test.autoconfigure.web.servlet.MockMvcPrintOnlyOnFailureTestExecutionListener, org.springframework.boot.test.autoconfigure.web.servlet.WebDriverTestExecutionListener, org.springframework.boot.test.mock.mockito.MockitoTestExecutionListener, org.springframework.boot.test.mock.mockito.ResetMocksTestExecutionListener, org.springframework.test.context.web.ServletTestExecutionListener, org.springframework.test.context.support.DirtiesContextBeforeModesTestExecutionListener, org.springframework.test.context.support.DependencyInjectionTestExecutionListener, org.springframework.test.context.support.DirtiesContextTestExecutionListener, org.springframework.test.context.transaction.TransactionalTestExecutionListener, org.springframework.test.context.jdbc.SqlScriptsTestExecutionListener]
2020-01-28 11:26:31.705  INFO 1424 --- [    Test worker] .b.t.c.SpringBootTestContextBootstrapper : Using TestExecutionListeners: [org.springframework.test.context.web.ServletTestExecutionListener@1a3bb2dc, org.springframework.test.context.support.DirtiesContextBeforeModesTestExecutionListener@3e891eed, org.springframework.boot.test.mock.mockito.MockitoTestExecutionListener@136b169a, org.springframework.boot.test.autoconfigure.SpringBootDependencyInjectionTestExecutionListener@48b3d066, org.springframework.test.context.support.DirtiesContextTestExecutionListener@fd936fe, org.springframework.test.context.transaction.TransactionalTestExecutionListener@79513f9e, org.springframework.test.context.jdbc.SqlScriptsTestExecutionListener@32c539e8, org.springframework.security.test.context.support.WithSecurityContextTestExecutionListener@64a3ff36, org.springframework.security.test.context.support.ReactorContextTestExecutionListener@220b4b9a, org.springframework.boot.test.autoconfigure.restdocs.RestDocsTestExecutionListener@52d62d8a, org.springframework.boot.test.autoconfigure.web.client.MockRestServiceServerResetTestExecutionListener@49475441, org.springframework.boot.test.autoconfigure.web.servlet.MockMvcPrintOnlyOnFailureTestExecutionListener@32e65810, org.springframework.boot.test.autoconfigure.web.servlet.WebDriverTestExecutionListener@4ac9924d, org.springframework.boot.test.mock.mockito.ResetMocksTestExecutionListener@29905ce3]

  .   ____          _            __ _ _
 /\\ / ___'_ __ _ _(_)_ __  __ _ \ \ \ \
( ( )\___ | '_ | '_| | '_ \/ _` | \ \ \ \
 \\/  ___)| |_)| | | | | || (_| |  ) ) ) )
  '  |____| .__|_| |_|_| |_\__, | / / / /
 =========|_|==============|___/=/_/_/_/
 :: Spring Boot ::        (v2.1.7.RELEASE)

2020-01-28 11:26:31.737  INFO 1424 --- [    Test worker] c.p.b.s.d.posts.PostsRepositoryTest      : Starting PostsRepositoryTest on DESKTOP-JU3PNMH with PID 1424 (started by KYS in C:\Users\KYS\IdeaProjects\springboot2-webservice)
2020-01-28 11:26:31.738  INFO 1424 --- [    Test worker] c.p.b.s.d.posts.PostsRepositoryTest      : No active profile set, falling back to default profiles: default
2020-01-28 11:26:31.978  INFO 1424 --- [    Test worker] .s.d.r.c.RepositoryConfigurationDelegate : Bootstrapping Spring Data repositories in DEFAULT mode.
2020-01-28 11:26:32.003  INFO 1424 --- [    Test worker] .s.d.r.c.RepositoryConfigurationDelegate : Finished Spring Data repository scanning in 24ms. Found 2 repository interfaces.
2020-01-28 11:26:32.096  INFO 1424 --- [    Test worker] trationDelegate$BeanPostProcessorChecker : Bean 'org.springframework.transaction.annotation.ProxyTransactionManagementConfiguration' of type [org.springframework.transaction.annotation.ProxyTransactionManagementConfiguration$$EnhancerBySpringCGLIB$$5a6309ab] is not eligible for getting processed by all BeanPostProcessors (for example: not eligible for auto-proxying)
2020-01-28 11:26:32.177  INFO 1424 --- [    Test worker] com.zaxxer.hikari.HikariDataSource       : HikariPool-2 - Starting...
2020-01-28 11:26:32.178  INFO 1424 --- [    Test worker] com.zaxxer.hikari.HikariDataSource       : HikariPool-2 - Start completed.
2020-01-28 11:26:32.207  INFO 1424 --- [    Test worker] o.hibernate.jpa.internal.util.LogHelper  : HHH000204: Processing PersistenceUnitInfo [
	name: default
	...]
2020-01-28 11:26:32.217  INFO 1424 --- [    Test worker] org.hibernate.dialect.Dialect            : HHH000400: Using dialect: org.hibernate.dialect.MySQL5InnoDBDialect
Hibernate: drop table if exists posts
Hibernate: drop table if exists user
Hibernate: create table posts (id bigint not null auto_increment, created_date datetime, modified_date datetime, author varchar(255), content TEXT not null, title varchar(500) not null, primary key (id)) engine=InnoDB
Hibernate: create table user (id bigint not null auto_increment, created_date datetime, modified_date datetime, email varchar(255) not null, name varchar(255) not null, picture varchar(255), role varchar(255) not null, primary key (id)) engine=InnoDB
2020-01-28 11:26:32.255  INFO 1424 --- [    Test worker] o.h.t.schema.internal.SchemaCreatorImpl  : HHH000476: Executing import script 'org.hibernate.tool.schema.internal.exec.ScriptSourceInputNonExistentImpl@5d24ab62'
2020-01-28 11:26:32.256  INFO 1424 --- [    Test worker] j.LocalContainerEntityManagerFactoryBean : Initialized JPA EntityManagerFactory for persistence unit 'default'
2020-01-28 11:26:32.434  INFO 1424 --- [    Test worker] o.h.h.i.QueryTranslatorFactoryInitiator  : HHH000397: Using ASTQueryTranslatorFactory
2020-01-28 11:26:32.611  INFO 1424 --- [    Test worker] o.s.s.web.DefaultSecurityFilterChain     : Creating filter chain: any request, [org.springframework.security.web.context.request.async.WebAsyncManagerIntegrationFilter@42717ff7, org.springframework.security.web.context.SecurityContextPersistenceFilter@7c40e32f, org.springframework.security.web.header.HeaderWriterFilter@3351f807, org.springframework.security.web.authentication.logout.LogoutFilter@4d3d159, org.springframework.security.oauth2.client.web.OAuth2AuthorizationRequestRedirectFilter@7c8d3c09, org.springframework.security.oauth2.client.web.OAuth2LoginAuthenticationFilter@6ece2267, org.springframework.security.web.authentication.ui.DefaultLoginPageGeneratingFilter@7f710c03, org.springframework.security.web.authentication.ui.DefaultLogoutPageGeneratingFilter@653ffd16, org.springframework.security.web.savedrequest.RequestCacheAwareFilter@68fcd766, org.springframework.security.web.servletapi.SecurityContextHolderAwareRequestFilter@54519bbe, org.springframework.security.web.authentication.AnonymousAuthenticationFilter@70c7f8cc, org.springframework.security.web.session.SessionManagementFilter@5b7e0eb1, org.springframework.security.web.access.ExceptionTranslationFilter@329342, org.springframework.security.web.access.intercept.FilterSecurityInterceptor@3ff3135c]
2020-01-28 11:26:32.898  INFO 1424 --- [    Test worker] o.s.s.concurrent.ThreadPoolTaskExecutor  : Initializing ExecutorService 'applicationTaskExecutor'
2020-01-28 11:26:32.911  WARN 1424 --- [    Test worker] aWebConfiguration$JpaWebMvcConfiguration : spring.jpa.open-in-view is enabled by default. Therefore, database queries may be performed during view rendering. Explicitly configure spring.jpa.open-in-view to disable this warning
2020-01-28 11:26:32.938  INFO 1424 --- [    Test worker] o.s.b.a.w.s.WelcomePageHandlerMapping    : Adding welcome page template: index
2020-01-28 11:26:33.317  INFO 1424 --- [    Test worker] s.a.ScheduledAnnotationBeanPostProcessor : No TaskScheduler/ScheduledExecutorService bean found for scheduled processing
2020-01-28 11:26:33.318  INFO 1424 --- [    Test worker] c.p.b.s.d.posts.PostsRepositoryTest      : Started PostsRepositoryTest in 1.608 seconds (JVM running for 9.467)
Hibernate: insert into posts (created_date, modified_date, author, content, title) values (?, ?, ?, ?, ?)
Hibernate: select posts0_.id as id1_0_, posts0_.created_date as created_2_0_, posts0_.modified_date as modified3_0_, posts0_.author as author4_0_, posts0_.content as content5_0_, posts0_.title as title6_0_ from posts posts0_
Hibernate: select posts0_.id as id1_0_, posts0_.created_date as created_2_0_, posts0_.modified_date as modified3_0_, posts0_.author as author4_0_, posts0_.content as content5_0_, posts0_.title as title6_0_ from posts posts0_
Hibernate: delete from posts where id=?
Hibernate: insert into posts (created_date, modified_date, author, content, title) values (?, ?, ?, ?, ?)
Hibernate: select posts0_.id as id1_0_, posts0_.created_date as created_2_0_, posts0_.modified_date as modified3_0_, posts0_.author as author4_0_, posts0_.content as content5_0_, posts0_.title as title6_0_ from posts posts0_
>>>>>>>>> createDate=2020-01-28T11:26:33.347, modifiedDate=2020-01-28T11:26:33.347
Hibernate: select posts0_.id as id1_0_, posts0_.created_date as created_2_0_, posts0_.modified_date as modified3_0_, posts0_.author as author4_0_, posts0_.content as content5_0_, posts0_.title as title6_0_ from posts posts0_
Hibernate: delete from posts where id=?
]]></system-out>
  <system-err><![CDATA[]]></system-err>
</testsuite>
