<?xml version="1.0" encoding="UTF-8"?>
<testsuite name="com.practice.book.springboot.domain.posts.PostsRepositoryTest" tests="2" skipped="0" failures="0" errors="0" timestamp="2020-01-30T02:48:13" hostname="DESKTOP-JU3PNMH" time="0.252">
  <properties/>
  <testcase name="게시글저장_불러오기" classname="com.practice.book.springboot.domain.posts.PostsRepositoryTest" time="0.243"/>
  <testcase name="BaseTimeEntity_등록" classname="com.practice.book.springboot.domain.posts.PostsRepositoryTest" time="0.008"/>
  <system-out><![CDATA[11:48:07.522 [Test worker] DEBUG org.springframework.test.context.junit4.SpringJUnit4ClassRunner - SpringJUnit4ClassRunner constructor called with [class com.practice.book.springboot.domain.posts.PostsRepositoryTest]
11:48:07.530 [Test worker] DEBUG org.springframework.test.context.BootstrapUtils - Instantiating CacheAwareContextLoaderDelegate from class [org.springframework.test.context.cache.DefaultCacheAwareContextLoaderDelegate]
11:48:07.543 [Test worker] DEBUG org.springframework.test.context.BootstrapUtils - Instantiating BootstrapContext using constructor [public org.springframework.test.context.support.DefaultBootstrapContext(java.lang.Class,org.springframework.test.context.CacheAwareContextLoaderDelegate)]
11:48:07.562 [Test worker] DEBUG org.springframework.test.context.BootstrapUtils - Instantiating TestContextBootstrapper for test class [com.practice.book.springboot.domain.posts.PostsRepositoryTest] from class [org.springframework.boot.test.context.SpringBootTestContextBootstrapper]
11:48:07.578 [Test worker] INFO org.springframework.boot.test.context.SpringBootTestContextBootstrapper - Neither @ContextConfiguration nor @ContextHierarchy found for test class [com.practice.book.springboot.domain.posts.PostsRepositoryTest], using SpringBootContextLoader
11:48:07.582 [Test worker] DEBUG org.springframework.test.context.support.AbstractContextLoader - Did not detect default resource location for test class [com.practice.book.springboot.domain.posts.PostsRepositoryTest]: class path resource [com/practice/book/springboot/domain/posts/PostsRepositoryTest-context.xml] does not exist
11:48:07.583 [Test worker] DEBUG org.springframework.test.context.support.AbstractContextLoader - Did not detect default resource location for test class [com.practice.book.springboot.domain.posts.PostsRepositoryTest]: class path resource [com/practice/book/springboot/domain/posts/PostsRepositoryTestContext.groovy] does not exist
11:48:07.583 [Test worker] INFO org.springframework.test.context.support.AbstractContextLoader - Could not detect default resource locations for test class [com.practice.book.springboot.domain.posts.PostsRepositoryTest]: no resource found for suffixes {-context.xml, Context.groovy}.
11:48:07.584 [Test worker] INFO org.springframework.test.context.support.AnnotationConfigContextLoaderUtils - Could not detect default configuration classes for test class [com.practice.book.springboot.domain.posts.PostsRepositoryTest]: PostsRepositoryTest does not declare any static, non-private, non-final, nested classes annotated with @Configuration.
11:48:07.634 [Test worker] DEBUG org.springframework.test.context.support.ActiveProfilesUtils - Could not find an 'annotation declaring class' for annotation type [org.springframework.test.context.ActiveProfiles] and class [com.practice.book.springboot.domain.posts.PostsRepositoryTest]
11:48:07.726 [Test worker] DEBUG org.springframework.context.annotation.ClassPathScanningCandidateComponentProvider - Identified candidate component class: file [C:\Users\KYS\IdeaProjects\springboot2-webservice\build\classes\java\main\com\practice\book\springboot\Application.class]
11:48:07.727 [Test worker] INFO org.springframework.boot.test.context.SpringBootTestContextBootstrapper - Found @SpringBootConfiguration com.practice.book.springboot.Application for test class com.practice.book.springboot.domain.posts.PostsRepositoryTest
11:48:07.847 [Test worker] DEBUG org.springframework.boot.test.context.SpringBootTestContextBootstrapper - @TestExecutionListeners is not present for class [com.practice.book.springboot.domain.posts.PostsRepositoryTest]: using defaults.
11:48:07.848 [Test worker] INFO org.springframework.boot.test.context.SpringBootTestContextBootstrapper - Loaded default TestExecutionListener class names from location [META-INF/spring.factories]: [org.springframework.security.test.context.support.WithSecurityContextTestExecutionListener, org.springframework.security.test.context.support.ReactorContextTestExecutionListener, org.springframework.boot.test.autoconfigure.restdocs.RestDocsTestExecutionListener, org.springframework.boot.test.autoconfigure.web.client.MockRestServiceServerResetTestExecutionListener, org.springframework.boot.test.autoconfigure.web.servlet.MockMvcPrintOnlyOnFailureTestExecutionListener, org.springframework.boot.test.autoconfigure.web.servlet.WebDriverTestExecutionListener, org.springframework.boot.test.mock.mockito.MockitoTestExecutionListener, org.springframework.boot.test.mock.mockito.ResetMocksTestExecutionListener, org.springframework.test.context.web.ServletTestExecutionListener, org.springframework.test.context.support.DirtiesContextBeforeModesTestExecutionListener, org.springframework.test.context.support.DependencyInjectionTestExecutionListener, org.springframework.test.context.support.DirtiesContextTestExecutionListener, org.springframework.test.context.transaction.TransactionalTestExecutionListener, org.springframework.test.context.jdbc.SqlScriptsTestExecutionListener]
11:48:07.883 [Test worker] INFO org.springframework.boot.test.context.SpringBootTestContextBootstrapper - Using TestExecutionListeners: [org.springframework.test.context.web.ServletTestExecutionListener@77d89044, org.springframework.test.context.support.DirtiesContextBeforeModesTestExecutionListener@440a5bbe, org.springframework.boot.test.mock.mockito.MockitoTestExecutionListener@3bcff9cc, org.springframework.boot.test.autoconfigure.SpringBootDependencyInjectionTestExecutionListener@44fe377, org.springframework.test.context.support.DirtiesContextTestExecutionListener@3726190a, org.springframework.test.context.transaction.TransactionalTestExecutionListener@216773fb, org.springframework.test.context.jdbc.SqlScriptsTestExecutionListener@6522ef82, org.springframework.security.test.context.support.WithSecurityContextTestExecutionListener@1e8dec0a, org.springframework.security.test.context.support.ReactorContextTestExecutionListener@19e45898, org.springframework.boot.test.autoconfigure.restdocs.RestDocsTestExecutionListener@30608f4, org.springframework.boot.test.autoconfigure.web.client.MockRestServiceServerResetTestExecutionListener@712aa9e9, org.springframework.boot.test.autoconfigure.web.servlet.MockMvcPrintOnlyOnFailureTestExecutionListener@36f67a, org.springframework.boot.test.autoconfigure.web.servlet.WebDriverTestExecutionListener@3b2d5e7c, org.springframework.boot.test.mock.mockito.ResetMocksTestExecutionListener@85fa045]
11:48:07.886 [Test worker] DEBUG org.springframework.test.annotation.ProfileValueUtils - Retrieved @ProfileValueSourceConfiguration [null] for test class [com.practice.book.springboot.domain.posts.PostsRepositoryTest]
11:48:07.886 [Test worker] DEBUG org.springframework.test.annotation.ProfileValueUtils - Retrieved ProfileValueSource type [class org.springframework.test.annotation.SystemProfileValueSource] for class [com.practice.book.springboot.domain.posts.PostsRepositoryTest]
11:48:07.887 [Test worker] DEBUG org.springframework.test.annotation.ProfileValueUtils - Retrieved @ProfileValueSourceConfiguration [null] for test class [com.practice.book.springboot.domain.posts.PostsRepositoryTest]
11:48:07.887 [Test worker] DEBUG org.springframework.test.annotation.ProfileValueUtils - Retrieved ProfileValueSource type [class org.springframework.test.annotation.SystemProfileValueSource] for class [com.practice.book.springboot.domain.posts.PostsRepositoryTest]
11:48:07.892 [Test worker] DEBUG org.springframework.test.context.support.AbstractDirtiesContextTestExecutionListener - Before test class: context [DefaultTestContext@2aa4455c testClass = PostsRepositoryTest, testInstance = [null], testMethod = [null], testException = [null], mergedContextConfiguration = [WebMergedContextConfiguration@5bf66fa9 testClass = PostsRepositoryTest, locations = '{}', classes = '{class com.practice.book.springboot.Application}', contextInitializerClasses = '[]', activeProfiles = '{}', propertySourceLocations = '{}', propertySourceProperties = '{org.springframework.boot.test.context.SpringBootTestContextBootstrapper=true}', contextCustomizers = set[org.springframework.boot.test.autoconfigure.properties.PropertyMappingContextCustomizer@0, org.springframework.boot.test.autoconfigure.web.servlet.WebDriverContextCustomizerFactory$Customizer@71d1ff53, org.springframework.boot.test.context.filter.ExcludeFilterContextCustomizer@9514a0, org.springframework.boot.test.json.DuplicateJsonObjectContextCustomizerFactory$DuplicateJsonObjectContextCustomizer@2013836d, org.springframework.boot.test.mock.mockito.MockitoContextCustomizer@0, org.springframework.boot.test.web.client.TestRestTemplateContextCustomizer@2ccf3614], resourceBasePath = 'src/main/webapp', contextLoader = 'org.springframework.boot.test.context.SpringBootContextLoader', parent = [null]], attributes = map['org.springframework.test.context.web.ServletTestExecutionListener.activateListener' -> true]], class annotated with @DirtiesContext [false] with mode [null].
11:48:07.893 [Test worker] DEBUG org.springframework.test.annotation.ProfileValueUtils - Retrieved @ProfileValueSourceConfiguration [null] for test class [com.practice.book.springboot.domain.posts.PostsRepositoryTest]
11:48:07.893 [Test worker] DEBUG org.springframework.test.annotation.ProfileValueUtils - Retrieved ProfileValueSource type [class org.springframework.test.annotation.SystemProfileValueSource] for class [com.practice.book.springboot.domain.posts.PostsRepositoryTest]
11:48:07.914 [Test worker] DEBUG org.springframework.test.context.support.TestPropertySourceUtils - Adding inlined properties to environment: {spring.jmx.enabled=false, org.springframework.boot.test.context.SpringBootTestContextBootstrapper=true, server.port=-1}

  .   ____          _            __ _ _
 /\\ / ___'_ __ _ _(_)_ __  __ _ \ \ \ \
( ( )\___ | '_ | '_| | '_ \/ _` | \ \ \ \
 \\/  ___)| |_)| | | | | || (_| |  ) ) ) )
  '  |____| .__|_| |_|_| |_\__, | / / / /
 =========|_|==============|___/=/_/_/_/
 :: Spring Boot ::        (v2.1.7.RELEASE)

2020-01-30 11:48:08.182  INFO 17872 --- [    Test worker] c.p.b.s.d.posts.PostsRepositoryTest      : Starting PostsRepositoryTest on DESKTOP-JU3PNMH with PID 17872 (started by KYS in C:\Users\KYS\IdeaProjects\springboot2-webservice)
2020-01-30 11:48:08.184  INFO 17872 --- [    Test worker] c.p.b.s.d.posts.PostsRepositoryTest      : No active profile set, falling back to default profiles: default
2020-01-30 11:48:08.928  INFO 17872 --- [    Test worker] .s.d.r.c.RepositoryConfigurationDelegate : Bootstrapping Spring Data repositories in DEFAULT mode.
2020-01-30 11:48:09.005  INFO 17872 --- [    Test worker] .s.d.r.c.RepositoryConfigurationDelegate : Finished Spring Data repository scanning in 70ms. Found 2 repository interfaces.
2020-01-30 11:48:09.431  INFO 17872 --- [    Test worker] trationDelegate$BeanPostProcessorChecker : Bean 'org.springframework.transaction.annotation.ProxyTransactionManagementConfiguration' of type [org.springframework.transaction.annotation.ProxyTransactionManagementConfiguration$$EnhancerBySpringCGLIB$$c25f5d92] is not eligible for getting processed by all BeanPostProcessors (for example: not eligible for auto-proxying)
2020-01-30 11:48:09.656  INFO 17872 --- [    Test worker] com.zaxxer.hikari.HikariDataSource       : HikariPool-1 - Starting...
2020-01-30 11:48:09.821  INFO 17872 --- [    Test worker] com.zaxxer.hikari.HikariDataSource       : HikariPool-1 - Start completed.
2020-01-30 11:48:09.910  INFO 17872 --- [    Test worker] o.hibernate.jpa.internal.util.LogHelper  : HHH000204: Processing PersistenceUnitInfo [
	name: default
	...]
2020-01-30 11:48:09.994  INFO 17872 --- [    Test worker] org.hibernate.Version                    : HHH000412: Hibernate Core {5.3.10.Final}
2020-01-30 11:48:09.996  INFO 17872 --- [    Test worker] org.hibernate.cfg.Environment            : HHH000206: hibernate.properties not found
2020-01-30 11:48:10.174  INFO 17872 --- [    Test worker] o.hibernate.annotations.common.Version   : HCANN000001: Hibernate Commons Annotations {5.0.4.Final}
2020-01-30 11:48:10.355  INFO 17872 --- [    Test worker] org.hibernate.dialect.Dialect            : HHH000400: Using dialect: org.hibernate.dialect.MySQL5InnoDBDialect
Hibernate: drop table if exists posts
Hibernate: drop table if exists user
Hibernate: create table posts (id bigint not null auto_increment, created_date datetime, modified_date datetime, author varchar(255), content TEXT not null, title varchar(500) not null, primary key (id)) engine=InnoDB
Hibernate: create table user (id bigint not null auto_increment, created_date datetime, modified_date datetime, email varchar(255) not null, name varchar(255) not null, picture varchar(255), role varchar(255) not null, primary key (id)) engine=InnoDB
2020-01-30 11:48:11.087  INFO 17872 --- [    Test worker] o.h.t.schema.internal.SchemaCreatorImpl  : HHH000476: Executing import script 'org.hibernate.tool.schema.internal.exec.ScriptSourceInputNonExistentImpl@450bb947'
2020-01-30 11:48:11.091  INFO 17872 --- [    Test worker] j.LocalContainerEntityManagerFactoryBean : Initialized JPA EntityManagerFactory for persistence unit 'default'
2020-01-30 11:48:11.632  INFO 17872 --- [    Test worker] o.h.h.i.QueryTranslatorFactoryInitiator  : HHH000397: Using ASTQueryTranslatorFactory
2020-01-30 11:48:12.264  INFO 17872 --- [    Test worker] o.s.s.web.DefaultSecurityFilterChain     : Creating filter chain: any request, [org.springframework.security.web.context.request.async.WebAsyncManagerIntegrationFilter@15117761, org.springframework.security.web.context.SecurityContextPersistenceFilter@b2b370a, org.springframework.security.web.header.HeaderWriterFilter@62bc5510, org.springframework.security.web.authentication.logout.LogoutFilter@5f2872af, org.springframework.security.oauth2.client.web.OAuth2AuthorizationRequestRedirectFilter@3bce61f2, org.springframework.security.oauth2.client.web.OAuth2LoginAuthenticationFilter@36b0015f, org.springframework.security.web.authentication.ui.DefaultLoginPageGeneratingFilter@cd339c2, org.springframework.security.web.authentication.ui.DefaultLogoutPageGeneratingFilter@1851135a, org.springframework.security.web.savedrequest.RequestCacheAwareFilter@dd3566c, org.springframework.security.web.servletapi.SecurityContextHolderAwareRequestFilter@2ed78210, org.springframework.security.web.authentication.AnonymousAuthenticationFilter@2735433f, org.springframework.security.web.session.SessionManagementFilter@22ce25a6, org.springframework.security.web.access.ExceptionTranslationFilter@a8c1123, org.springframework.security.web.access.intercept.FilterSecurityInterceptor@5fd9f41f]
2020-01-30 11:48:12.824  INFO 17872 --- [    Test worker] o.s.s.concurrent.ThreadPoolTaskExecutor  : Initializing ExecutorService 'applicationTaskExecutor'
2020-01-30 11:48:12.882  WARN 17872 --- [    Test worker] aWebConfiguration$JpaWebMvcConfiguration : spring.jpa.open-in-view is enabled by default. Therefore, database queries may be performed during view rendering. Explicitly configure spring.jpa.open-in-view to disable this warning
2020-01-30 11:48:12.937  INFO 17872 --- [    Test worker] o.s.b.a.w.s.WelcomePageHandlerMapping    : Adding welcome page template: index
2020-01-30 11:48:13.496  INFO 17872 --- [    Test worker] s.a.ScheduledAnnotationBeanPostProcessor : No TaskScheduler/ScheduledExecutorService bean found for scheduled processing
2020-01-30 11:48:13.505  INFO 17872 --- [    Test worker] c.p.b.s.d.posts.PostsRepositoryTest      : Started PostsRepositoryTest in 5.582 seconds (JVM running for 6.713)
Hibernate: insert into posts (created_date, modified_date, author, content, title) values (?, ?, ?, ?, ?)
Hibernate: select posts0_.id as id1_0_, posts0_.created_date as created_2_0_, posts0_.modified_date as modified3_0_, posts0_.author as author4_0_, posts0_.content as content5_0_, posts0_.title as title6_0_ from posts posts0_
Hibernate: select posts0_.id as id1_0_, posts0_.created_date as created_2_0_, posts0_.modified_date as modified3_0_, posts0_.author as author4_0_, posts0_.content as content5_0_, posts0_.title as title6_0_ from posts posts0_
Hibernate: delete from posts where id=?
Hibernate: insert into posts (created_date, modified_date, author, content, title) values (?, ?, ?, ?, ?)
Hibernate: select posts0_.id as id1_0_, posts0_.created_date as created_2_0_, posts0_.modified_date as modified3_0_, posts0_.author as author4_0_, posts0_.content as content5_0_, posts0_.title as title6_0_ from posts posts0_
>>>>>>>>> createDate=2020-01-30T11:48:13.771, modifiedDate=2020-01-30T11:48:13.771
Hibernate: select posts0_.id as id1_0_, posts0_.created_date as created_2_0_, posts0_.modified_date as modified3_0_, posts0_.author as author4_0_, posts0_.content as content5_0_, posts0_.title as title6_0_ from posts posts0_
Hibernate: delete from posts where id=?
]]></system-out>
  <system-err><![CDATA[]]></system-err>
</testsuite>
